<?xml version="1.0" encoding="UTF-8"?>
<!-- Generated by org.testng.reporters.JUnitReportReporter -->
<testsuite hostname="DESKTOP-TI919J8" failures="0" tests="1" name="com.crm.comcast.orgtest.CreateOrganTest" time="0.113" errors="0" timestamp="2022-01-25T19:39:16 IST" skipped="0">
  <testcase classname="com.crm.comcast.orgtest.CreateOrganTest" name="createorganTest" time="0.113"/>
  <system-out/>
</testsuite> <!-- com.crm.comcast.orgtest.CreateOrganTest -->
