<?xml version="1.0" encoding="UTF-8"?>
<!-- Generated by org.testng.reporters.JUnitReportReporter -->
<testsuite skipped="0" hostname="DESKTOP-TI919J8" name="com.crm.comcast.orgtest.CreateOrganTest" tests="1" failures="0" timestamp="2022-02-01T12:07:23 IST" time="0.008" errors="0">
  <testcase name="createorganTest" time="0.008" classname="com.crm.comcast.orgtest.CreateOrganTest"/>
  <system-out/>
</testsuite> <!-- com.crm.comcast.orgtest.CreateOrganTest -->
